Determining if the pthread_create exist failed with the following output:
Change Dir: /home/hu/Documents/compM080-compGV18-2019/course_work_1/build/CMakeFiles/CMakeTmp

Run Build Command:"/usr/bin/make" "cmTC_84c15/fast"
/usr/bin/make -f CMakeFiles/cmTC_84c15.dir/build.make CMakeFiles/cmTC_84c15.dir/build
make[1]: Entering directory '/home/hu/Documents/compM080-compGV18-2019/course_work_1/build/CMakeFiles/CMakeTmp'
Building C object CMakeFiles/cmTC_84c15.dir/CheckSymbolExists.c.o
/usr/bin/cc    -fPIC    -o CMakeFiles/cmTC_84c15.dir/CheckSymbolExists.c.o   -c /home/hu/Documents/compM080-compGV18-2019/course_work_1/build/CMakeFiles/CMakeTmp/CheckSymbolExists.c
Linking C executable cmTC_84c15
/usr/bin/cmake -E cmake_link_script CMakeFiles/cmTC_84c15.dir/link.txt --verbose=1
/usr/bin/cc   -fPIC     CMakeFiles/cmTC_84c15.dir/CheckSymbolExists.c.o  -o cmTC_84c15 -rdynamic 
CMakeFiles/cmTC_84c15.dir/CheckSymbolExists.c.o: In function `main':
CheckSymbolExists.c:(.text+0x1b): undefined reference to `pthread_create'
collect2: error: ld returned 1 exit status
CMakeFiles/cmTC_84c15.dir/build.make:97: recipe for target 'cmTC_84c15' failed
make[1]: *** [cmTC_84c15] Error 1
make[1]: Leaving directory '/home/hu/Documents/compM080-compGV18-2019/course_work_1/build/CMakeFiles/CMakeTmp'
Makefile:126: recipe for target 'cmTC_84c15/fast' failed
make: *** [cmTC_84c15/fast] Error 2

File /home/hu/Documents/compM080-compGV18-2019/course_work_1/build/CMakeFiles/CMakeTmp/CheckSymbolExists.c:
/* */
#include <pthread.h>

int main(int argc, char** argv)
{
  (void)argv;
#ifndef pthread_create
  return ((int*)(&pthread_create))[argc];
#else
  (void)argc;
  return 0;
#endif
}

Determining if the function pthread_create exists in the pthreads failed with the following output:
Change Dir: /home/hu/Documents/compM080-compGV18-2019/course_work_1/build/CMakeFiles/CMakeTmp

Run Build Command:"/usr/bin/make" "cmTC_dd84f/fast"
/usr/bin/make -f CMakeFiles/cmTC_dd84f.dir/build.make CMakeFiles/cmTC_dd84f.dir/build
make[1]: Entering directory '/home/hu/Documents/compM080-compGV18-2019/course_work_1/build/CMakeFiles/CMakeTmp'
Building C object CMakeFiles/cmTC_dd84f.dir/CheckFunctionExists.c.o
/usr/bin/cc    -fPIC -DCHECK_FUNCTION_EXISTS=pthread_create   -o CMakeFiles/cmTC_dd84f.dir/CheckFunctionExists.c.o   -c /usr/share/cmake-3.5/Modules/CheckFunctionExists.c
Linking C executable cmTC_dd84f
/usr/bin/cmake -E cmake_link_script CMakeFiles/cmTC_dd84f.dir/link.txt --verbose=1
/usr/bin/cc   -fPIC -DCHECK_FUNCTION_EXISTS=pthread_create    CMakeFiles/cmTC_dd84f.dir/CheckFunctionExists.c.o  -o cmTC_dd84f -rdynamic -lpthreads 
/usr/bin/ld: cannot find -lpthreads
collect2: error: ld returned 1 exit status
CMakeFiles/cmTC_dd84f.dir/build.make:97: recipe for target 'cmTC_dd84f' failed
make[1]: *** [cmTC_dd84f] Error 1
make[1]: Leaving directory '/home/hu/Documents/compM080-compGV18-2019/course_work_1/build/CMakeFiles/CMakeTmp'
Makefile:126: recipe for target 'cmTC_dd84f/fast' failed
make: *** [cmTC_dd84f/fast] Error 2


