Determining if the pthread_create exist failed with the following output:
Change Dir: /home/hu/Documents/compM080-compGV18-2019/tutorial_004/cpp/practices_laplacian/build/CMakeFiles/CMakeTmp

Run Build Command:"/usr/bin/make" "cmTC_0f92b/fast"
/usr/bin/make -f CMakeFiles/cmTC_0f92b.dir/build.make CMakeFiles/cmTC_0f92b.dir/build
make[1]: Entering directory '/home/hu/Documents/compM080-compGV18-2019/tutorial_004/cpp/practices_laplacian/build/CMakeFiles/CMakeTmp'
Building C object CMakeFiles/cmTC_0f92b.dir/CheckSymbolExists.c.o
/usr/bin/cc    -fPIC    -o CMakeFiles/cmTC_0f92b.dir/CheckSymbolExists.c.o   -c /home/hu/Documents/compM080-compGV18-2019/tutorial_004/cpp/practices_laplacian/build/CMakeFiles/CMakeTmp/CheckSymbolExists.c
Linking C executable cmTC_0f92b
/usr/bin/cmake -E cmake_link_script CMakeFiles/cmTC_0f92b.dir/link.txt --verbose=1
/usr/bin/cc   -fPIC     CMakeFiles/cmTC_0f92b.dir/CheckSymbolExists.c.o  -o cmTC_0f92b -rdynamic 
CMakeFiles/cmTC_0f92b.dir/CheckSymbolExists.c.o: In function `main':
CheckSymbolExists.c:(.text+0x1b): undefined reference to `pthread_create'
collect2: error: ld returned 1 exit status
CMakeFiles/cmTC_0f92b.dir/build.make:97: recipe for target 'cmTC_0f92b' failed
make[1]: *** [cmTC_0f92b] Error 1
make[1]: Leaving directory '/home/hu/Documents/compM080-compGV18-2019/tutorial_004/cpp/practices_laplacian/build/CMakeFiles/CMakeTmp'
Makefile:126: recipe for target 'cmTC_0f92b/fast' failed
make: *** [cmTC_0f92b/fast] Error 2

File /home/hu/Documents/compM080-compGV18-2019/tutorial_004/cpp/practices_laplacian/build/CMakeFiles/CMakeTmp/CheckSymbolExists.c:
/* */
#include <pthread.h>

int main(int argc, char** argv)
{
  (void)argv;
#ifndef pthread_create
  return ((int*)(&pthread_create))[argc];
#else
  (void)argc;
  return 0;
#endif
}

Determining if the function pthread_create exists in the pthreads failed with the following output:
Change Dir: /home/hu/Documents/compM080-compGV18-2019/tutorial_004/cpp/practices_laplacian/build/CMakeFiles/CMakeTmp

Run Build Command:"/usr/bin/make" "cmTC_f1594/fast"
/usr/bin/make -f CMakeFiles/cmTC_f1594.dir/build.make CMakeFiles/cmTC_f1594.dir/build
make[1]: Entering directory '/home/hu/Documents/compM080-compGV18-2019/tutorial_004/cpp/practices_laplacian/build/CMakeFiles/CMakeTmp'
Building C object CMakeFiles/cmTC_f1594.dir/CheckFunctionExists.c.o
/usr/bin/cc    -fPIC -DCHECK_FUNCTION_EXISTS=pthread_create   -o CMakeFiles/cmTC_f1594.dir/CheckFunctionExists.c.o   -c /usr/share/cmake-3.5/Modules/CheckFunctionExists.c
Linking C executable cmTC_f1594
/usr/bin/cmake -E cmake_link_script CMakeFiles/cmTC_f1594.dir/link.txt --verbose=1
/usr/bin/cc   -fPIC -DCHECK_FUNCTION_EXISTS=pthread_create    CMakeFiles/cmTC_f1594.dir/CheckFunctionExists.c.o  -o cmTC_f1594 -rdynamic -lpthreads 
/usr/bin/ld: cannot find -lpthreads
collect2: error: ld returned 1 exit status
CMakeFiles/cmTC_f1594.dir/build.make:97: recipe for target 'cmTC_f1594' failed
make[1]: *** [cmTC_f1594] Error 1
make[1]: Leaving directory '/home/hu/Documents/compM080-compGV18-2019/tutorial_004/cpp/practices_laplacian/build/CMakeFiles/CMakeTmp'
Makefile:126: recipe for target 'cmTC_f1594/fast' failed
make: *** [cmTC_f1594/fast] Error 2


