Determining if the pthread_create exist failed with the following output:
Change Dir: /home/hu/Documents/compM080-compGV18-2019/tutorial_002/cpp/practices_flann/build/CMakeFiles/CMakeTmp

Run Build Command:"/usr/bin/make" "cmTC_71a51/fast"
/usr/bin/make -f CMakeFiles/cmTC_71a51.dir/build.make CMakeFiles/cmTC_71a51.dir/build
make[1]: Entering directory '/home/hu/Documents/compM080-compGV18-2019/tutorial_002/cpp/practices_flann/build/CMakeFiles/CMakeTmp'
Building C object CMakeFiles/cmTC_71a51.dir/CheckSymbolExists.c.o
/usr/bin/cc    -fPIC    -o CMakeFiles/cmTC_71a51.dir/CheckSymbolExists.c.o   -c /home/hu/Documents/compM080-compGV18-2019/tutorial_002/cpp/practices_flann/build/CMakeFiles/CMakeTmp/CheckSymbolExists.c
Linking C executable cmTC_71a51
/usr/bin/cmake -E cmake_link_script CMakeFiles/cmTC_71a51.dir/link.txt --verbose=1
/usr/bin/cc   -fPIC     CMakeFiles/cmTC_71a51.dir/CheckSymbolExists.c.o  -o cmTC_71a51 -rdynamic 
CMakeFiles/cmTC_71a51.dir/CheckSymbolExists.c.o: In function `main':
CheckSymbolExists.c:(.text+0x1b): undefined reference to `pthread_create'
collect2: error: ld returned 1 exit status
CMakeFiles/cmTC_71a51.dir/build.make:97: recipe for target 'cmTC_71a51' failed
make[1]: *** [cmTC_71a51] Error 1
make[1]: Leaving directory '/home/hu/Documents/compM080-compGV18-2019/tutorial_002/cpp/practices_flann/build/CMakeFiles/CMakeTmp'
Makefile:126: recipe for target 'cmTC_71a51/fast' failed
make: *** [cmTC_71a51/fast] Error 2

File /home/hu/Documents/compM080-compGV18-2019/tutorial_002/cpp/practices_flann/build/CMakeFiles/CMakeTmp/CheckSymbolExists.c:
/* */
#include <pthread.h>

int main(int argc, char** argv)
{
  (void)argv;
#ifndef pthread_create
  return ((int*)(&pthread_create))[argc];
#else
  (void)argc;
  return 0;
#endif
}

Determining if the function pthread_create exists in the pthreads failed with the following output:
Change Dir: /home/hu/Documents/compM080-compGV18-2019/tutorial_002/cpp/practices_flann/build/CMakeFiles/CMakeTmp

Run Build Command:"/usr/bin/make" "cmTC_21b7b/fast"
/usr/bin/make -f CMakeFiles/cmTC_21b7b.dir/build.make CMakeFiles/cmTC_21b7b.dir/build
make[1]: Entering directory '/home/hu/Documents/compM080-compGV18-2019/tutorial_002/cpp/practices_flann/build/CMakeFiles/CMakeTmp'
Building C object CMakeFiles/cmTC_21b7b.dir/CheckFunctionExists.c.o
/usr/bin/cc    -fPIC -DCHECK_FUNCTION_EXISTS=pthread_create   -o CMakeFiles/cmTC_21b7b.dir/CheckFunctionExists.c.o   -c /usr/share/cmake-3.5/Modules/CheckFunctionExists.c
Linking C executable cmTC_21b7b
/usr/bin/cmake -E cmake_link_script CMakeFiles/cmTC_21b7b.dir/link.txt --verbose=1
/usr/bin/cc   -fPIC -DCHECK_FUNCTION_EXISTS=pthread_create    CMakeFiles/cmTC_21b7b.dir/CheckFunctionExists.c.o  -o cmTC_21b7b -rdynamic -lpthreads 
/usr/bin/ld: cannot find -lpthreads
collect2: error: ld returned 1 exit status
CMakeFiles/cmTC_21b7b.dir/build.make:97: recipe for target 'cmTC_21b7b' failed
make[1]: *** [cmTC_21b7b] Error 1
make[1]: Leaving directory '/home/hu/Documents/compM080-compGV18-2019/tutorial_002/cpp/practices_flann/build/CMakeFiles/CMakeTmp'
Makefile:126: recipe for target 'cmTC_21b7b/fast' failed
make: *** [cmTC_21b7b/fast] Error 2


